app/build/intermediates/manifest_merge_blame_file/debug/processDebugMainManifest/manifest-merger-blame-debug-report.txt
1<?xml version="1.0" encoding="utf-8"?>
2<manifest xmlns:android="http://schemas.android.com/apk/res/android"
3    package="dev.jyotiraditya.dmt"
4    android:versionCode="10000"
5    android:versionName="1.0" >
6
7    <uses-sdk
7-->INJECTED
8        android:minSdkVersion="33"
8-->INJECTED
9        android:targetSdkVersion="37" />
9-->INJECTED
10
11    <uses-permission android:name="android.permission.READ_MEDIA_AUDIO" />
11-->src\main\AndroidManifest.xml:5:5-75
11-->src\main\AndroidManifest.xml:5:22-72
12    <uses-permission android:name="android.permission.POST_NOTIFICATIONS" />
12-->src\main\AndroidManifest.xml:6:5-77
12-->src\main\AndroidManifest.xml:6:22-74
13    <uses-permission android:name="android.permission.FOREGROUND_SERVICE" />
13-->src\main\AndroidManifest.xml:7:5-77
13-->src\main\AndroidManifest.xml:7:22-74
14    <uses-permission android:name="android.permission.FOREGROUND_SERVICE_MEDIA_PLAYBACK" />
14-->src\main\AndroidManifest.xml:8:5-92
14-->src\main\AndroidManifest.xml:8:22-89
15    <uses-permission android:name="android.permission.WAKE_LOCK" />
15-->src\main\AndroidManifest.xml:9:5-68
15-->src\main\AndroidManifest.xml:9:22-65
16    <uses-permission android:name="android.permission.INTERNET" />
16-->src\main\AndroidManifest.xml:10:5-67
16-->src\main\AndroidManifest.xml:10:22-64
17    <uses-permission android:name="android.permission.ACCESS_NETWORK_STATE" />
17-->src\main\AndroidManifest.xml:11:5-79
17-->src\main\AndroidManifest.xml:11:22-76
18
19    <permission
19-->[androidx.core:core:1.19.0] AndroidManifest.xml:22:5-24:47
20        android:name="dev.jyotiraditya.dmt.DYNAMIC_RECEIVER_NOT_EXPORTED_PERMISSION"
20-->[androidx.core:core:1.19.0] AndroidManifest.xml:23:9-81
21        android:protectionLevel="signature" />
21-->[androidx.core:core:1.19.0] AndroidManifest.xml:24:9-44
22
23    <uses-permission android:name="dev.jyotiraditya.dmt.DYNAMIC_RECEIVER_NOT_EXPORTED_PERMISSION" />
23-->[androidx.core:core:1.19.0] AndroidManifest.xml:26:5-97
23-->[androidx.core:core:1.19.0] AndroidManifest.xml:26:22-94
24
25    <application
25-->src\main\AndroidManifest.xml:13:5-110:19
26        android:allowBackup="true"
26-->src\main\AndroidManifest.xml:14:9-35
27        android:appComponentFactory="androidx.core.app.CoreComponentFactory"
27-->[androidx.core:core:1.19.0] AndroidManifest.xml:28:18-86
28        android:dataExtractionRules="@xml/data_extraction_rules"
28-->src\main\AndroidManifest.xml:15:9-65
29        android:debuggable="true"
30        android:extractNativeLibs="false"
30-->INJECTED
31        android:fullBackupContent="@xml/backup_rules"
31-->src\main\AndroidManifest.xml:16:9-54
32        android:icon="@mipmap/ic_launcher"
32-->src\main\AndroidManifest.xml:17:9-43
33        android:label="@string/app_name"
33-->src\main\AndroidManifest.xml:18:9-41
34        android:roundIcon="@mipmap/ic_launcher_round"
34-->src\main\AndroidManifest.xml:19:9-54
35        android:supportsRtl="true"
35-->src\main\AndroidManifest.xml:20:9-35
36        android:testOnly="true"
37        android:theme="@style/Theme.DMT" >
37-->src\main\AndroidManifest.xml:21:9-41
38        <meta-data
38-->src\main\AndroidManifest.xml:22:9-24:59
39            android:name="com.google.android.gms.car.application"
39-->src\main\AndroidManifest.xml:23:13-66
40            android:resource="@xml/automotive_app_desc" />
40-->src\main\AndroidManifest.xml:24:13-56
41
42        <activity
42-->src\main\AndroidManifest.xml:26:9-32:58
43            android:name="dev.jyotiraditya.dmt.MainActivity"
43-->src\main\AndroidManifest.xml:27:13-41
44            android:exported="true"
44-->src\main\AndroidManifest.xml:28:13-36
45            android:label="@string/app_name"
45-->src\main\AndroidManifest.xml:30:13-45
46            android:launchMode="singleTask"
46-->src\main\AndroidManifest.xml:29:13-44
47            android:theme="@style/Theme.DMT"
47-->src\main\AndroidManifest.xml:31:13-45
48            android:windowSoftInputMode="adjustResize" />
48-->src\main\AndroidManifest.xml:32:13-55
49
50        <activity-alias
50-->src\main\AndroidManifest.xml:76:9-88:26
51            android:name="dev.jyotiraditya.dmt.LauncherMono"
51-->src\main\AndroidManifest.xml:77:13-41
52            android:enabled="false"
52-->src\main\AndroidManifest.xml:79:13-36
53            android:exported="true"
53-->src\main\AndroidManifest.xml:80:13-36
54            android:icon="@mipmap/ic_launcher_mono"
54-->src\main\AndroidManifest.xml:81:13-52
55            android:label="@string/app_name"
55-->src\main\AndroidManifest.xml:83:13-45
56            android:roundIcon="@mipmap/ic_launcher_mono"
56-->src\main\AndroidManifest.xml:82:13-57
57            android:targetActivity="dev.jyotiraditya.dmt.MainActivity" >
57-->src\main\AndroidManifest.xml:78:13-51
58            <intent-filter>
58-->src\main\AndroidManifest.xml:42:13-45:29
59                <action android:name="android.intent.action.MAIN" />
59-->src\main\AndroidManifest.xml:43:17-69
59-->src\main\AndroidManifest.xml:43:25-66
60
61                <category android:name="android.intent.category.LAUNCHER" />
61-->src\main\AndroidManifest.xml:44:17-77
61-->src\main\AndroidManifest.xml:44:27-74
62            </intent-filter>
63        </activity-alias>
64        <activity-alias
64-->src\main\AndroidManifest.xml:62:9-74:26
65            android:name="dev.jyotiraditya.dmt.LauncherSteel"
65-->src\main\AndroidManifest.xml:63:13-42
66            android:enabled="false"
66-->src\main\AndroidManifest.xml:65:13-36
67            android:exported="true"
67-->src\main\AndroidManifest.xml:66:13-36
68            android:icon="@mipmap/ic_launcher_steel"
68-->src\main\AndroidManifest.xml:67:13-53
69            android:label="@string/app_name"
69-->src\main\AndroidManifest.xml:69:13-45
70            android:roundIcon="@mipmap/ic_launcher_steel"
70-->src\main\AndroidManifest.xml:68:13-58
71            android:targetActivity="dev.jyotiraditya.dmt.MainActivity" >
71-->src\main\AndroidManifest.xml:64:13-51
72            <intent-filter>
72-->src\main\AndroidManifest.xml:42:13-45:29
73                <action android:name="android.intent.action.MAIN" />
73-->src\main\AndroidManifest.xml:43:17-69
73-->src\main\AndroidManifest.xml:43:25-66
74
75                <category android:name="android.intent.category.LAUNCHER" />
75-->src\main\AndroidManifest.xml:44:17-77
75-->src\main\AndroidManifest.xml:44:27-74
76            </intent-filter>
77        </activity-alias>
78        <activity-alias
78-->src\main\AndroidManifest.xml:48:9-60:26
79            android:name="dev.jyotiraditya.dmt.LauncherMoss"
79-->src\main\AndroidManifest.xml:49:13-41
80            android:enabled="false"
80-->src\main\AndroidManifest.xml:51:13-36
81            android:exported="true"
81-->src\main\AndroidManifest.xml:52:13-36
82            android:icon="@mipmap/ic_launcher_moss"
82-->src\main\AndroidManifest.xml:53:13-52
83            android:label="@string/app_name"
83-->src\main\AndroidManifest.xml:55:13-45
84            android:roundIcon="@mipmap/ic_launcher_moss"
84-->src\main\AndroidManifest.xml:54:13-57
85            android:targetActivity="dev.jyotiraditya.dmt.MainActivity" >
85-->src\main\AndroidManifest.xml:50:13-51
86            <intent-filter>
86-->src\main\AndroidManifest.xml:42:13-45:29
87                <action android:name="android.intent.action.MAIN" />
87-->src\main\AndroidManifest.xml:43:17-69
87-->src\main\AndroidManifest.xml:43:25-66
88
89                <category android:name="android.intent.category.LAUNCHER" />
89-->src\main\AndroidManifest.xml:44:17-77
89-->src\main\AndroidManifest.xml:44:27-74
90            </intent-filter>
91        </activity-alias>
92        <activity-alias
92-->src\main\AndroidManifest.xml:34:9-46:26
93            android:name="dev.jyotiraditya.dmt.LauncherOrange"
93-->src\main\AndroidManifest.xml:35:13-43
94            android:enabled="true"
94-->src\main\AndroidManifest.xml:37:13-35
95            android:exported="true"
95-->src\main\AndroidManifest.xml:38:13-36
96            android:icon="@mipmap/ic_launcher_orange"
96-->src\main\AndroidManifest.xml:39:13-54
97            android:label="@string/app_name"
97-->src\main\AndroidManifest.xml:41:13-45
98            android:roundIcon="@mipmap/ic_launcher_orange"
98-->src\main\AndroidManifest.xml:40:13-59
99            android:targetActivity="dev.jyotiraditya.dmt.MainActivity" >
99-->src\main\AndroidManifest.xml:36:13-51
100            <intent-filter>
100-->src\main\AndroidManifest.xml:42:13-45:29
101                <action android:name="android.intent.action.MAIN" />
101-->src\main\AndroidManifest.xml:43:17-69
101-->src\main\AndroidManifest.xml:43:25-66
102
103                <category android:name="android.intent.category.LAUNCHER" />
103-->src\main\AndroidManifest.xml:44:17-77
103-->src\main\AndroidManifest.xml:44:27-74
104            </intent-filter>
105        </activity-alias>
106
107        <service
107-->src\main\AndroidManifest.xml:90:9-100:19
108            android:name="dev.jyotiraditya.dmt.playback.PlaybackService"
108-->src\main\AndroidManifest.xml:91:13-53
109            android:exported="true"
109-->src\main\AndroidManifest.xml:92:13-36
110            android:foregroundServiceType="mediaPlayback" >
110-->src\main\AndroidManifest.xml:93:13-58
111            <intent-filter>
111-->src\main\AndroidManifest.xml:94:13-99:29
112                <action android:name="androidx.media3.session.MediaLibraryService" />
112-->src\main\AndroidManifest.xml:95:17-86
112-->src\main\AndroidManifest.xml:95:25-83
113                <action android:name="androidx.media3.session.MediaSessionService" />
113-->src\main\AndroidManifest.xml:96:17-86
113-->src\main\AndroidManifest.xml:96:25-83
114                <action android:name="android.media.browse.MediaBrowserService" />
114-->src\main\AndroidManifest.xml:97:17-83
114-->src\main\AndroidManifest.xml:97:25-80
115                <action android:name="android.intent.action.MEDIA_BUTTON" />
115-->src\main\AndroidManifest.xml:98:17-77
115-->src\main\AndroidManifest.xml:98:25-74
116            </intent-filter>
117        </service>
118
119        <receiver
119-->src\main\AndroidManifest.xml:102:9-108:20
120            android:name="androidx.media3.session.MediaButtonReceiver"
120-->src\main\AndroidManifest.xml:103:13-71
121            android:exported="true" >
121-->src\main\AndroidManifest.xml:104:13-36
122            <intent-filter>
122-->src\main\AndroidManifest.xml:105:13-107:29
123                <action android:name="android.intent.action.MEDIA_BUTTON" />
123-->src\main\AndroidManifest.xml:98:17-77
123-->src\main\AndroidManifest.xml:98:25-74
124            </intent-filter>
125        </receiver>
126
127        <activity
127-->[androidx.compose.ui:ui-tooling-android:1.11.4] AndroidManifest.xml:23:9-25:39
128            android:name="androidx.compose.ui.tooling.PreviewActivity"
128-->[androidx.compose.ui:ui-tooling-android:1.11.4] AndroidManifest.xml:24:13-71
129            android:exported="true" />
129-->[androidx.compose.ui:ui-tooling-android:1.11.4] AndroidManifest.xml:25:13-36
130
131        <provider
131-->[androidx.emoji2:emoji2:1.4.0] AndroidManifest.xml:24:9-32:20
132            android:name="androidx.startup.InitializationProvider"
132-->[androidx.emoji2:emoji2:1.4.0] AndroidManifest.xml:25:13-67
133            android:authorities="dev.jyotiraditya.dmt.androidx-startup"
133-->[androidx.emoji2:emoji2:1.4.0] AndroidManifest.xml:26:13-68
134            android:exported="false" >
134-->[androidx.emoji2:emoji2:1.4.0] AndroidManifest.xml:27:13-37
135            <meta-data
135-->[androidx.emoji2:emoji2:1.4.0] AndroidManifest.xml:29:13-31:52
136                android:name="androidx.emoji2.text.EmojiCompatInitializer"
136-->[androidx.emoji2:emoji2:1.4.0] AndroidManifest.xml:30:17-75
137                android:value="androidx.startup" />
137-->[androidx.emoji2:emoji2:1.4.0] AndroidManifest.xml:31:17-49
138            <meta-data
138-->[androidx.lifecycle:lifecycle-process:2.11.0] AndroidManifest.xml:29:13-31:52
139                android:name="androidx.lifecycle.ProcessLifecycleInitializer"
139-->[androidx.lifecycle:lifecycle-process:2.11.0] AndroidManifest.xml:30:17-78
140                android:value="androidx.startup" />
140-->[androidx.lifecycle:lifecycle-process:2.11.0] AndroidManifest.xml:31:17-49
141            <meta-data
141-->[androidx.profileinstaller:profileinstaller:1.4.0] AndroidManifest.xml:29:13-31:52
142                android:name="androidx.profileinstaller.ProfileInstallerInitializer"
142-->[androidx.profileinstaller:profileinstaller:1.4.0] AndroidManifest.xml:30:17-85
143                android:value="androidx.startup" />
143-->[androidx.profileinstaller:profileinstaller:1.4.0] AndroidManifest.xml:31:17-49
144            <meta-data
144-->[com.squareup.okhttp3:okhttp-android:5.3.2] AndroidManifest.xml:16:13-18:52
145                android:name="okhttp3.internal.platform.PlatformInitializer"
145-->[com.squareup.okhttp3:okhttp-android:5.3.2] AndroidManifest.xml:17:17-77
146                android:value="androidx.startup" />
146-->[com.squareup.okhttp3:okhttp-android:5.3.2] AndroidManifest.xml:18:17-49
147        </provider>
148
149        <uses-library
149-->[androidx.window:window:1.5.0] AndroidManifest.xml:23:9-25:40
150            android:name="androidx.window.extensions"
150-->[androidx.window:window:1.5.0] AndroidManifest.xml:24:13-54
151            android:required="false" />
151-->[androidx.window:window:1.5.0] AndroidManifest.xml:25:13-37
152        <uses-library
152-->[androidx.window:window:1.5.0] AndroidManifest.xml:26:9-28:40
153            android:name="androidx.window.sidecar"
153-->[androidx.window:window:1.5.0] AndroidManifest.xml:27:13-51
154            android:required="false" />
154-->[androidx.window:window:1.5.0] AndroidManifest.xml:28:13-37
155
156        <activity
156-->[androidx.compose.ui:ui-test-manifest:1.11.4] AndroidManifest.xml:23:9-26:79
157            android:name="androidx.activity.ComponentActivity"
157-->[androidx.compose.ui:ui-test-manifest:1.11.4] AndroidManifest.xml:24:13-63
158            android:exported="true"
158-->[androidx.compose.ui:ui-test-manifest:1.11.4] AndroidManifest.xml:25:13-36
159            android:theme="@android:style/Theme.Material.Light.NoActionBar" />
159-->[androidx.compose.ui:ui-test-manifest:1.11.4] AndroidManifest.xml:26:13-76
160
161        <receiver
161-->[androidx.profileinstaller:profileinstaller:1.4.0] AndroidManifest.xml:34:9-52:20
162            android:name="androidx.profileinstaller.ProfileInstallReceiver"
162-->[androidx.profileinstaller:profileinstaller:1.4.0] AndroidManifest.xml:35:13-76
163            android:directBootAware="false"
163-->[androidx.profileinstaller:profileinstaller:1.4.0] AndroidManifest.xml:36:13-44
164            android:enabled="true"
164-->[androidx.profileinstaller:profileinstaller:1.4.0] AndroidManifest.xml:37:13-35
165            android:exported="true"
165-->[androidx.profileinstaller:profileinstaller:1.4.0] AndroidManifest.xml:38:13-36
166            android:permission="android.permission.DUMP" >
166-->[androidx.profileinstaller:profileinstaller:1.4.0] AndroidManifest.xml:39:13-57
167            <intent-filter>
167-->[androidx.profileinstaller:profileinstaller:1.4.0] AndroidManifest.xml:40:13-42:29
168                <action android:name="androidx.profileinstaller.action.INSTALL_PROFILE" />
168-->[androidx.profileinstaller:profileinstaller:1.4.0] AndroidManifest.xml:41:17-91
168-->[androidx.profileinstaller:profileinstaller:1.4.0] AndroidManifest.xml:41:25-88
169            </intent-filter>
170            <intent-filter>
170-->[androidx.profileinstaller:profileinstaller:1.4.0] AndroidManifest.xml:43:13-45:29
171                <action android:name="androidx.profileinstaller.action.SKIP_FILE" />
171-->[androidx.profileinstaller:profileinstaller:1.4.0] AndroidManifest.xml:44:17-85
171-->[androidx.profileinstaller:profileinstaller:1.4.0] AndroidManifest.xml:44:25-82
172            </intent-filter>
173            <intent-filter>
173-->[androidx.profileinstaller:profileinstaller:1.4.0] AndroidManifest.xml:46:13-48:29
174                <action android:name="androidx.profileinstaller.action.SAVE_PROFILE" />
174-->[androidx.profileinstaller:profileinstaller:1.4.0] AndroidManifest.xml:47:17-88
174-->[androidx.profileinstaller:profileinstaller:1.4.0] AndroidManifest.xml:47:25-85
175            </intent-filter>
176            <intent-filter>
176-->[androidx.profileinstaller:profileinstaller:1.4.0] AndroidManifest.xml:49:13-51:29
177                <action android:name="androidx.profileinstaller.action.BENCHMARK_OPERATION" />
177-->[androidx.profileinstaller:profileinstaller:1.4.0] AndroidManifest.xml:50:17-95
177-->[androidx.profileinstaller:profileinstaller:1.4.0] AndroidManifest.xml:50:25-92
178            </intent-filter>
179        </receiver>
180    </application>
181
182</manifest>